<?xml version="1.0" encoding="UTF-8"?>
<!-- Generated by org.testng.reporters.JUnitReportReporter -->
<testsuite hostname="DESKTOP-AP0QUQR" failures="0" tests="1" name="Methods.methodExample1" time="0.007" errors="0" timestamp="2023-01-06T18:04:17 IST" skipped="0">
  <testcase classname="Methods.methodExample1" name="test" time="0.007"/>
  <system-out/>
</testsuite> <!-- Methods.methodExample1 -->
