<?xml version="1.0" encoding="UTF-8"?>
<!-- Generated by org.testng.reporters.JUnitReportReporter -->
<testsuite hostname="DESKTOP-AP0QUQR" failures="0" tests="1" name="Log4j_Practice.OHRM_addEmployee" time="48.766" errors="0" timestamp="2023-01-11T20:54:51 IST" skipped="0">
  <testcase classname="Log4j_Practice.OHRM_addEmployee" name="addemploye" time="48.766"/>
  <system-out/>
</testsuite> <!-- Log4j_Practice.OHRM_addEmployee -->
