<?xml version="1.0" encoding="UTF-8"?>
<!-- Generated by org.testng.reporters.JUnitReportReporter -->
<testsuite hostname="SRIKANTH" failures="0" tests="1" name="OrangeHRM.OHRM_EmployeeList" time="15.987" errors="0" timestamp="2023-02-01T12:58:35 IST" skipped="0">
  <testcase classname="OrangeHRM.OHRM_EmployeeList" name="Employeelist" time="15.987"/>
  <system-out/>
</testsuite> <!-- OrangeHRM.OHRM_EmployeeList -->
