<?xml version="1.0" encoding="UTF-8"?>
<!-- Generated by org.testng.reporters.JUnitReportReporter -->
<testsuite hostname="SRIKANTH" failures="0" tests="1" name="echo_RadioButtons.radiobuttonTest" time="30.668" errors="0" timestamp="2023-01-30T20:27:47 IST" skipped="0">
  <testcase classname="echo_RadioButtons.radiobuttonTest" name="echoradiobuttonTest" time="30.668"/>
  <system-out/>
</testsuite> <!-- echo_RadioButtons.radiobuttonTest -->
