<?xml version="1.0" encoding="UTF-8"?>
<!-- Generated by org.testng.reporters.JUnitReportReporter -->
<testsuite hostname="DESKTOP-AP0QUQR" failures="0" tests="2" name="oHRMapplication_Assignment.BaseTest" time="23.310" errors="0" timestamp="2023-01-09T12:40:21 IST" skipped="0">
  <testcase classname="oHRMapplication_Assignment.BaseTest" name="Setup" time="7.109"/>
  <system-out/>
  <testcase classname="oHRMapplication_Assignment.BaseTest" name="tearDown" time="16.201"/>
  <system-out/>
</testsuite> <!-- oHRMapplication_Assignment.BaseTest -->
